<?xml version="1.0" encoding="UTF-8"?>
<coverage generated="1528690061899" clover="3.2.0">
  <project timestamp="1528690061899" name="All files">
    <metrics statements="2" coveredstatements="2" conditionals="0" coveredconditionals="0" methods="0" coveredmethods="0" elements="2" coveredelements="2" complexity="0" loc="2" ncloc="2" packages="1" files="1" classes="1">
      <file name="welcome.vue" path="/Users/patrickgazaneo/Projects/vue-examples/ex-nuxt-cli/components/welcome.vue">
        <metrics statements="2" coveredstatements="2" conditionals="0" coveredconditionals="0" methods="0" coveredmethods="0"/>
        <line num="34" count="1" type="stmt"/>
        <line num="35" count="1" type="stmt"/>
      </file>
    </metrics>
  </project>
</coverage>
